Build started 11/14/2016 10:54:10 AM.
     1>Project "C:\Users\Kojah\Documents\PhageEngine\Tester\Tester.vcxproj" on node 2 (Build target(s)).
     1>Link:
         C:\Program Files (x86)\Microsoft Visual Studio 14.0\VC\bin\x86_amd64\link.exe /ERRORREPORT:PROMPT /OUT:"C:\Users\Kojah\Documents\PhageEngine\x64\Debug\Tester.exe" /INCREMENTAL /NOLOGO /LIBPATH:C:\Users\Kojah\Documents\PhageEngine\\ThirdParty\lib /LIBPATH:C:\Users\Kojah\Documents\PhageEngine\\x64\Debug Phage.lib glew32.lib kernel32.lib user32.lib gdi32.lib winspool.lib comdlg32.lib advapi32.lib shell32.lib ole32.lib oleaut32.lib uuid.lib odbc32.lib odbccp32.lib /MANIFEST /MANIFESTUAC:"level='asInvoker' uiAccess='false'" /manifest:embed /Debug /PDB:"C:\Users\Kojah\Documents\PhageEngine\x64\Debug\Tester.pdb" /SUBSYSTEM:CONSOLE /TLBID:1 /DYNAMICBASE /NXCOMPAT /IMPLIB:"C:\Users\Kojah\Documents\PhageEngine\x64\Debug\Tester.lib" /MACHINE:X64 x64\Debug\main.obj
         x64\Debug\TestScene.obj
         C:\Users\Kojah\Documents\PhageEngine\x64\Debug\Phage.lib
         LINK : C:\Users\Kojah\Documents\PhageEngine\x64\Debug\Tester.exe not found or not built by the last incremental link; performing full link
     1>LINK : fatal error LNK1104: cannot open file 'Phage.lib'
     1>Done Building Project "C:\Users\Kojah\Documents\PhageEngine\Tester\Tester.vcxproj" (Build target(s)) -- FAILED.

Build FAILED.

Time Elapsed 00:00:00.18
